<?xml version="1.0" encoding="UTF-8"?>
<testsuite xmlns:xsi="http://www.w3.org/2001/XMLSchema-instance" xsi:noNamespaceSchemaLocation="https://maven.apache.org/surefire/maven-surefire-plugin/xsd/surefire-test-report.xsd" name="SelenideTests" time="1.231" tests="3" errors="0" skipped="0" failures="3">
  <properties>
[...]
</properties>
  <testcase name="Home_page on Home_page(SelenideTests)" classname="SelenideTests" time="0.084">
    <failure message="No signature of method: SelenideTests.$() is applicable for argument types: (java.lang.String) values: [https://demoqa.com/]&#10;Possible solutions: is(java.lang.Object), Spy(), any(), Spy(groovy.lang.Closure), Spy(java.lang.Class), Spy(java.lang.Object)" type="groovy.lang.MissingMethodException">groovy.lang.MissingMethodException: 
No signature of method: SelenideTests.$() is applicable for argument types: (java.lang.String) values: [https://demoqa.com/]
Possible solutions: is(java.lang.Object), Spy(), any(), Spy(groovy.lang.Closure), Spy(java.lang.Class), Spy(java.lang.Object)
	at SelenideTests.Home_page(SelenideTests.groovy:32)
</failure>
    <system-out><![CDATA[chrome ,null
]]></system-out>
    <system-err><![CDATA[[main] INFO com.athaydes.spockframework.report.internal.ConfigLoader - SpockReports config loaded: {com.athaydes.spockframework.report.showCodeBlocks=false, com.athaydes.spockframework.report.template.TemplateReportCreator.reportFileExtension=md, com.athaydes.spockframework.report.testSourceRoots=src/test/groovy, com.athaydes.spockframework.report.IReportCreator=com.athaydes.spockframework.report.internal.HtmlReportCreator, com.athaydes.spockframework.report.outputDir=build/spock-reports, com.athaydes.spockframework.report.internal.HtmlReportCreator.inlineCss=true, com.athaydes.spockframework.report.internal.HtmlReportCreator.featureReportCss=spock-feature-report.css, com.athaydes.spockframework.report.hideEmptyBlocks=false, com.athaydes.spockframework.report.internal.HtmlReportCreator.summaryReportCss=spock-summary-report.css, com.athaydes.spockframework.report.projectVersion=Unknown, com.athaydes.spockframework.report.template.TemplateReportCreator.specTemplateFile=/templateReportCreator/spec-template.md, com.athaydes.spockframework.report.template.TemplateReportCreator.summaryTemplateFile=/templateReportCreator/summary-template.md, com.athaydes.spockframework.report.internal.HtmlReportCreator.excludeToc=false, com.athaydes.spockframework.report.template.TemplateReportCreator.enabled=true, com.athaydes.spockframework.report.projectName=, com.athaydes.spockframework.report.template.TemplateReportCreator.summaryFileName=summary.md, com.athaydes.spockframework.report.internal.HtmlReportCreator.printThrowableStackTrace=false, com.athaydes.spockframework.report.internal.HtmlReportCreator.enabled=true}
]]></system-err>
  </testcase>
  <testcase name="Go_home on Go_home(SelenideTests)" classname="SelenideTests" time="0.009">
    <failure message="No signature of method: SelenideTests.open() is applicable for argument types: (java.lang.String) values: []&#10;Possible solutions: Spy(), grep(), Spy(groovy.lang.Closure), Spy(java.lang.Class), Spy(java.lang.Object), Spy(java.util.Map)" type="groovy.lang.MissingMethodException">groovy.lang.MissingMethodException: 
No signature of method: SelenideTests.open() is applicable for argument types: (java.lang.String) values: []
Possible solutions: Spy(), grep(), Spy(groovy.lang.Closure), Spy(java.lang.Class), Spy(java.lang.Object), Spy(java.util.Map)
	at SelenideTests.Go_home(SelenideTests.groovy:42)
</failure>
    <system-out><![CDATA[chrome ,null
]]></system-out>
  </testcase>
  <testcase name="Check Home page labels and links on Check Home page labels and links(SelenideTests)" classname="SelenideTests" time="0.003">
    <failure message="No signature of method: SelenideTests.open() is applicable for argument types: (java.lang.String) values: [https://demoqa.com/]&#10;Possible solutions: Spy(), grep(), Spy(groovy.lang.Closure), Spy(java.lang.Class), Spy(java.lang.Object), Spy(java.util.Map)" type="groovy.lang.MissingMethodException">groovy.lang.MissingMethodException: 
No signature of method: SelenideTests.open() is applicable for argument types: (java.lang.String) values: [https://demoqa.com/]
Possible solutions: Spy(), grep(), Spy(groovy.lang.Closure), Spy(java.lang.Class), Spy(java.lang.Object), Spy(java.util.Map)
	at SelenideTests.Check Home page labels and links(SelenideTests.groovy:55)
</failure>
    <system-out><![CDATA[chrome ,null
]]></system-out>
  </testcase>
</testsuite>